<?xml version="1.0" encoding="UTF-8"?>
<!-- Generated by org.testng.reporters.JUnitXMLReporter -->
<testsuite ignored="2" hostname="User" failures="0" tests="7" name="Default test" time="173.191" errors="0" timestamp="2023-07-07T21:32:53 EDT">
  <testcase classname="testNGbasics.UnderstandingAnnotationsDataDriven" name="negativeSearchFunctionalityDataDrivenTest" time="27.307"/>
  <testcase classname="testNGbasics.UnderstandingAnnotationsDataDriven" name="negativeSearchFunctionalityDataDrivenTest" time="13.657"/>
  <testcase classname="testNGbasics.UnderstandingAnnotationsDataDriven" name="negativeSearchFunctionalityDataDrivenTestFromDifferntPkg" time="11.59"/>
  <testcase classname="testNGbasics.UnderstandingAnnotationsDataDriven" name="negativeSearchFunctionalityDataDrivenTestFromDifferntPkg" time="11.596"/>
  <testcase classname="testNGbasics.UnderstandingAnnotationsDataDriven" name="positiveSearchFunctionalityDataDrivenTest" time="11.275"/>
  <testcase classname="testNGbasics.UnderstandingAnnotationsDataDriven" name="positiveSearchFunctionalityDataDrivenTest" time="10.074"/>
  <testcase classname="testNGbasics.UnderstandingAnnotationsDataDriven" name="positiveSearchFunctionalityDataDrivenTest" time="12.243"/>
  <testcase classname="testNGbasics.UnderstandingAnnotationsDataDriven" name="positiveSearchFunctionalityTest" time="0.0">
    <ignored/>
  </testcase> <!-- positiveSearchFunctionalityTest -->
  <testcase classname="testNGbasics.UnderstandingAnnotationsDataDriven" name="negativeSearchFunctionalityTest" time="0.0">
    <ignored/>
  </testcase> <!-- negativeSearchFunctionalityTest -->
</testsuite> <!-- Default test -->
