<?xml version="1.0" encoding="UTF-8"?>
<testng-results ignored="0" total="7" passed="7" failed="0" skipped="0">
  <reporter-output>
  </reporter-output>
  <suite started-at="2023-07-07T21:29:59 EDT" name="Default suite" finished-at="2023-07-07T21:32:53 EDT" duration-ms="173191">
    <groups>
    </groups>
    <test started-at="2023-07-07T21:29:59 EDT" name="Default test" finished-at="2023-07-07T21:32:53 EDT" duration-ms="173191">
      <class name="testNGbasics.UnderstandingAnnotationsDataDriven">
        <test-method is-config="true" signature="initialization()[pri:0, instance:testNGbasics.UnderstandingAnnotationsDataDriven@33065d67]" started-at="2023-07-07T21:29:59 EDT" name="initialization" finished-at="2023-07-07T21:30:35 EDT" duration-ms="35331" status="PASS">
          <reporter-output>
          </reporter-output>
        </test-method> <!-- initialization -->
        <test-method signature="negativeSearchFunctionalityDataDrivenTest(java.lang.String)[pri:0, instance:testNGbasics.UnderstandingAnnotationsDataDriven@33065d67]" started-at="2023-07-07T21:30:35 EDT" name="negativeSearchFunctionalityDataDrivenTest" data-provider="negativeSearchData" finished-at="2023-07-07T21:31:02 EDT" duration-ms="27307" status="PASS">
          <params>
            <param index="0">
              <value>
                <![CDATA[*^(*^*(^*@^*@(*89898342230957329523890]]>
              </value>
            </param>
          </params>
          <reporter-output>
          </reporter-output>
        </test-method> <!-- negativeSearchFunctionalityDataDrivenTest -->
        <test-method is-config="true" signature="backToHomePage()[pri:0, instance:testNGbasics.UnderstandingAnnotationsDataDriven@33065d67]" started-at="2023-07-07T21:31:02 EDT" name="backToHomePage" finished-at="2023-07-07T21:31:09 EDT" duration-ms="6510" status="PASS">
          <reporter-output>
          </reporter-output>
        </test-method> <!-- backToHomePage -->
        <test-method signature="negativeSearchFunctionalityDataDrivenTest(java.lang.String)[pri:0, instance:testNGbasics.UnderstandingAnnotationsDataDriven@33065d67]" started-at="2023-07-07T21:31:09 EDT" name="negativeSearchFunctionalityDataDrivenTest" data-provider="negativeSearchData" finished-at="2023-07-07T21:31:23 EDT" duration-ms="13657" status="PASS">
          <params>
            <param index="0">
              <value>
                <![CDATA[*^(*^*(^*@^*@(*89898342230957329523891]]>
              </value>
            </param>
          </params>
          <reporter-output>
          </reporter-output>
        </test-method> <!-- negativeSearchFunctionalityDataDrivenTest -->
        <test-method is-config="true" signature="backToHomePage()[pri:0, instance:testNGbasics.UnderstandingAnnotationsDataDriven@33065d67]" started-at="2023-07-07T21:31:23 EDT" name="backToHomePage" finished-at="2023-07-07T21:31:28 EDT" duration-ms="5301" status="PASS">
          <reporter-output>
          </reporter-output>
        </test-method> <!-- backToHomePage -->
        <test-method signature="negativeSearchFunctionalityDataDrivenTestFromDifferntPkg(java.lang.String)[pri:0, instance:testNGbasics.UnderstandingAnnotationsDataDriven@33065d67]" started-at="2023-07-07T21:31:28 EDT" name="negativeSearchFunctionalityDataDrivenTestFromDifferntPkg" data-provider="negativeSearchData" finished-at="2023-07-07T21:31:39 EDT" duration-ms="11590" status="PASS">
          <params>
            <param index="0">
              <value>
                <![CDATA[*^(*^*(^*@^*@(*89898342230957329523890]]>
              </value>
            </param>
          </params>
          <reporter-output>
          </reporter-output>
        </test-method> <!-- negativeSearchFunctionalityDataDrivenTestFromDifferntPkg -->
        <test-method is-config="true" signature="backToHomePage()[pri:0, instance:testNGbasics.UnderstandingAnnotationsDataDriven@33065d67]" started-at="2023-07-07T21:31:39 EDT" name="backToHomePage" finished-at="2023-07-07T21:31:43 EDT" duration-ms="3828" status="PASS">
          <reporter-output>
          </reporter-output>
        </test-method> <!-- backToHomePage -->
        <test-method signature="negativeSearchFunctionalityDataDrivenTestFromDifferntPkg(java.lang.String)[pri:0, instance:testNGbasics.UnderstandingAnnotationsDataDriven@33065d67]" started-at="2023-07-07T21:31:43 EDT" name="negativeSearchFunctionalityDataDrivenTestFromDifferntPkg" data-provider="negativeSearchData" finished-at="2023-07-07T21:31:55 EDT" duration-ms="11596" status="PASS">
          <params>
            <param index="0">
              <value>
                <![CDATA[*^(*^*(^*@^*@(*89898342230957329523891]]>
              </value>
            </param>
          </params>
          <reporter-output>
          </reporter-output>
        </test-method> <!-- negativeSearchFunctionalityDataDrivenTestFromDifferntPkg -->
        <test-method is-config="true" signature="backToHomePage()[pri:0, instance:testNGbasics.UnderstandingAnnotationsDataDriven@33065d67]" started-at="2023-07-07T21:31:55 EDT" name="backToHomePage" finished-at="2023-07-07T21:32:00 EDT" duration-ms="5182" status="PASS">
          <reporter-output>
          </reporter-output>
        </test-method> <!-- backToHomePage -->
        <test-method signature="positiveSearchFunctionalityDataDrivenTest(java.lang.String)[pri:0, instance:testNGbasics.UnderstandingAnnotationsDataDriven@33065d67]" started-at="2023-07-07T21:32:00 EDT" name="positiveSearchFunctionalityDataDrivenTest" data-provider="positiveSearchData" finished-at="2023-07-07T21:32:11 EDT" duration-ms="11275" status="PASS">
          <params>
            <param index="0">
              <value>
                <![CDATA[apple]]>
              </value>
            </param>
          </params>
          <reporter-output>
          </reporter-output>
        </test-method> <!-- positiveSearchFunctionalityDataDrivenTest -->
        <test-method is-config="true" signature="backToHomePage()[pri:0, instance:testNGbasics.UnderstandingAnnotationsDataDriven@33065d67]" started-at="2023-07-07T21:32:11 EDT" name="backToHomePage" finished-at="2023-07-07T21:32:18 EDT" duration-ms="6718" status="PASS">
          <reporter-output>
          </reporter-output>
        </test-method> <!-- backToHomePage -->
        <test-method signature="positiveSearchFunctionalityDataDrivenTest(java.lang.String)[pri:0, instance:testNGbasics.UnderstandingAnnotationsDataDriven@33065d67]" started-at="2023-07-07T21:32:18 EDT" name="positiveSearchFunctionalityDataDrivenTest" data-provider="positiveSearchData" finished-at="2023-07-07T21:32:28 EDT" duration-ms="10074" status="PASS">
          <params>
            <param index="0">
              <value>
                <![CDATA[samsung]]>
              </value>
            </param>
          </params>
          <reporter-output>
          </reporter-output>
        </test-method> <!-- positiveSearchFunctionalityDataDrivenTest -->
        <test-method is-config="true" signature="backToHomePage()[pri:0, instance:testNGbasics.UnderstandingAnnotationsDataDriven@33065d67]" started-at="2023-07-07T21:32:28 EDT" name="backToHomePage" finished-at="2023-07-07T21:32:32 EDT" duration-ms="3346" status="PASS">
          <reporter-output>
          </reporter-output>
        </test-method> <!-- backToHomePage -->
        <test-method signature="positiveSearchFunctionalityDataDrivenTest(java.lang.String)[pri:0, instance:testNGbasics.UnderstandingAnnotationsDataDriven@33065d67]" started-at="2023-07-07T21:32:32 EDT" name="positiveSearchFunctionalityDataDrivenTest" data-provider="positiveSearchData" finished-at="2023-07-07T21:32:44 EDT" duration-ms="12243" status="PASS">
          <params>
            <param index="0">
              <value>
                <![CDATA[pixel]]>
              </value>
            </param>
          </params>
          <reporter-output>
          </reporter-output>
        </test-method> <!-- positiveSearchFunctionalityDataDrivenTest -->
        <test-method is-config="true" signature="backToHomePage()[pri:0, instance:testNGbasics.UnderstandingAnnotationsDataDriven@33065d67]" started-at="2023-07-07T21:32:44 EDT" name="backToHomePage" finished-at="2023-07-07T21:32:49 EDT" duration-ms="5544" status="PASS">
          <reporter-output>
          </reporter-output>
        </test-method> <!-- backToHomePage -->
        <test-method is-config="true" signature="tearDown()[pri:0, instance:testNGbasics.UnderstandingAnnotationsDataDriven@33065d67]" started-at="2023-07-07T21:32:49 EDT" name="tearDown" finished-at="2023-07-07T21:32:52 EDT" duration-ms="3190" status="PASS">
          <reporter-output>
          </reporter-output>
        </test-method> <!-- tearDown -->
      </class> <!-- testNGbasics.UnderstandingAnnotationsDataDriven -->
    </test> <!-- Default test -->
  </suite> <!-- Default suite -->
</testng-results>
